\BOOKMARK [1][-]{section.1}{\376\377\000A\000l\000g\000o\000r\000i\000t\000h\000m\000\040\000D\000e\000s\000c\000r\000i\000p\000t\000i\000o\000n}{}% 1
\BOOKMARK [2][-]{subsection.1.1}{\376\377\000C\000a\000n\000o\000n\000i\000c\000a\000l\000\040\000C\000o\000r\000r\000e\000l\000a\000t\000i\000o\000n\000\040\000A\000n\000a\000l\000y\000s\000i\000s}{section.1}% 2
\BOOKMARK [2][-]{subsection.1.2}{\376\377\000F\000u\000n\000d\000a\000m\000e\000n\000t\000a\000l\000\040\000I\000d\000e\000a\000\040\000F\000o\000r\000\040\000F\000a\000u\000l\000t\000\040\000C\000l\000a\000s\000s\000i\000f\000i\000c\000a\000t\000i\000o\000n}{section.1}% 3
\BOOKMARK [2][-]{subsection.1.3}{\376\377\000F\000u\000r\000t\000h\000e\000r\000\040\000d\000i\000s\000c\000u\000s\000s\000i\000o\000n}{section.1}% 4
\BOOKMARK [3][-]{subsubsection.1.3.1}{\376\377\000M\000e\000d\000i\000u\000m\000\040\000S\000a\000m\000p\000l\000e\000\040\000S\000t\000r\000a\000t\000e\000g\000y}{subsection.1.3}% 5
\BOOKMARK [3][-]{subsubsection.1.3.2}{\376\377\000U\000p\000d\000a\000t\000a\000\040\000T\000h\000e\000\040\000D\000a\000t\000a\000\040\000S\000t\000e\000p\000\040\000B\000y\000\040\000S\000t\000e\000p}{subsection.1.3}% 6
\BOOKMARK [3][-]{subsubsection.1.3.3}{\376\377\000\040\000M\000o\000r\000e\000\040\000T\000y\000p\000e\000s\000\040\000o\000f\000\040\000D\000i\000s\000c\000r\000i\000m\000i\000n\000a\000n\000t\000s}{subsection.1.3}% 7
\BOOKMARK [3][-]{subsubsection.1.3.4}{\376\377\000\040\000i\000n\000e\000r\000t\000i\000a\000\040\000f\000a\000c\000t\000o\000r}{subsection.1.3}% 8
\BOOKMARK [3][-]{subsubsection.1.3.5}{\376\377\000N\000e\000w\000\040\000t\000y\000p\000e\000\040\000o\000f\000\040\000F\000a\000u\000l\000t}{subsection.1.3}% 9
\BOOKMARK [1][-]{section.2}{\376\377\000E\000x\000p\000e\000r\000i\000m\000e\000n\000t}{}% 10
\BOOKMARK [2][-]{subsection.2.1}{\376\377\133\236\232\214\116\000\377\032\143\242\172\166\145\105\226\234\136\223\166\204\131\047\134\017\133\371\145\105\226\234\217\250\213\306\166\204\137\161\124\315}{section.2}% 11
\BOOKMARK [3][-]{subsubsection.2.1.1}{\376\377\000N\000=\0001\0000\0000}{subsection.2.1}% 12
\BOOKMARK [3][-]{subsubsection.2.1.2}{\376\377\000N\000\040\000=\000\040\0005\0000\0000}{subsection.2.1}% 13
\BOOKMARK [3][-]{subsubsection.2.1.3}{\376\377\000N\000\040\000=\000\040\0001\0000\0000\0000}{subsection.2.1}% 14
\BOOKMARK [2][-]{subsection.2.2}{\376\377\133\236\232\214\116\214\377\032\143\242\172\166\145\105\226\234\136\223\146\364\145\260\133\371\145\105\226\234\217\250\213\306\166\204\137\161\124\315}{section.2}% 15
\BOOKMARK [2][-]{subsection.2.3}{\376\377\133\236\232\214\116\011\377\032\122\044\122\053\137\017\166\204\174\276\217\333}{section.2}% 16
\BOOKMARK [2][-]{subsection.2.4}{\376\377\133\236\232\214\126\333\377\032\150\300\232\214\140\357\140\047\126\340\133\120\166\204\145\110\147\234}{section.2}% 17
\BOOKMARK [3][-]{subsubsection.2.4.1}{\376\377\142\374\143\245\133\236\232\214}{subsection.2.4}% 18
\BOOKMARK [2][-]{subsection.2.5}{\376\377\213\306\122\053\145\260\127\213\145\105\226\234}{section.2}% 19
\BOOKMARK [2][-]{subsection.2.6}{\376\377\226\104\122\240\133\236\232\214}{section.2}% 20
\BOOKMARK [3][-]{subsubsection.2.6.1}{\376\377\122\240\121\145\153\143\136\070\145\160\143\156}{subsection.2.6}% 21
\BOOKMARK [3][-]{subsubsection.2.6.2}{\376\377\040\046}{subsection.2.6}% 22
